<?xml version="1.0" encoding="UTF-8"?>
<!-- Generated by org.testng.reporters.JUnitReportReporter -->
<testsuite hostname="LAPTOP-VSFMKPVL" failures="0" tests="4" name="LeetCode_Challenges.P_M_LC_15_Find_First_Last_Position_Ele_On_Sorted_Arr" time="0.018" errors="0" timestamp="2022-10-08T12:25:37 IST" skipped="0">
  <testcase classname="LeetCode_Challenges.P_M_LC_15_Find_First_Last_Position_Ele_On_Sorted_Arr" name="example1" time="0.014"/>
  <system-out/>
  <testcase classname="LeetCode_Challenges.P_M_LC_15_Find_First_Last_Position_Ele_On_Sorted_Arr" name="example3" time="0.002"/>
  <system-out/>
  <testcase classname="LeetCode_Challenges.P_M_LC_15_Find_First_Last_Position_Ele_On_Sorted_Arr" name="example4" time="0.001"/>
  <system-out/>
  <testcase classname="LeetCode_Challenges.P_M_LC_15_Find_First_Last_Position_Ele_On_Sorted_Arr" name="example2" time="0.001"/>
  <system-out/>
</testsuite> <!-- LeetCode_Challenges.P_M_LC_15_Find_First_Last_Position_Ele_On_Sorted_Arr -->
