<?xml version="1.0" encoding="UTF-8"?>
<!-- Generated by org.testng.reporters.JUnitReportReporter -->
<testsuite hostname="L5152N13" failures="0" tests="1" name="Stack.StringDecode" time="426.523" errors="0" timestamp="2022-09-11T09:30:25 IST" skipped="0">
  <testcase classname="Stack.StringDecode" name="example6" time="426.523"/>
  <system-out/>
</testsuite> <!-- Stack.StringDecode -->
