<?xml version="1.0" encoding="UTF-8"?>
<!-- Generated by org.testng.reporters.JUnitReportReporter -->
<testsuite skipped="0" hostname="L5152N13" name="SingleLinkedList.ReverseLinkedList" tests="1" failures="0" timestamp="2022-09-04T08:32:21 IST" time="0.000" errors="0">
  <testcase name="testReverse" time="0.000" classname="SingleLinkedList.ReverseLinkedList"/>
  <system-out/>
</testsuite> <!-- SingleLinkedList.ReverseLinkedList -->
