<?xml version="1.0" encoding="UTF-8"?>
<!-- Generated by org.testng.reporters.JUnitReportReporter -->
<testsuite skipped="0" hostname="L5152N13" name="basicPractice.ArmstrongNumber" tests="1" failures="0" timestamp="2022-08-23T18:59:39 IST" time="0.010" errors="0">
  <testcase name="armstrong" time="0.010" classname="basicPractice.ArmstrongNumber"/>
  <system-out/>
</testsuite> <!-- basicPractice.ArmstrongNumber -->
