<?xml version="1.0" encoding="UTF-8"?>
<!-- Generated by org.testng.reporters.JUnitReportReporter -->
<testsuite skipped="0" hostname="L5152N13" name="Queue.RotateArrayPartically" tests="2" failures="0" timestamp="2022-09-05T15:40:43 IST" time="0.019" errors="0">
  <testcase name="example1" time="0.018" classname="Queue.RotateArrayPartically"/>
  <system-out/>
  <testcase name="example2" time="0.001" classname="Queue.RotateArrayPartically"/>
  <system-out/>
</testsuite> <!-- Queue.RotateArrayPartically -->
