<?xml version="1.0" encoding="UTF-8"?>
<!-- Generated by org.testng.reporters.JUnitReportReporter -->
<testsuite hostname="L5152N13" failures="0" tests="1" name="HackerRankChallenge.String.longestPalindromeSubstring" time="0.013" errors="0" timestamp="2022-09-11T07:23:39 IST" skipped="0">
  <testcase classname="HackerRankChallenge.String.longestPalindromeSubstring" name="ex" time="0.013"/>
  <system-out/>
</testsuite> <!-- HackerRankChallenge.String.longestPalindromeSubstring -->
