<?xml version="1.0" encoding="UTF-8"?>
<!-- Generated by org.testng.reporters.JUnitReportReporter -->
<testsuite hostname="L5152N13" failures="0" tests="1" name="HackerRankChallenge.MakingAnagram" time="102.483" errors="0" timestamp="2022-09-11T06:43:23 IST" skipped="0">
  <testcase classname="HackerRankChallenge.MakingAnagram" name="example1" time="102.483"/>
  <system-out/>
</testsuite> <!-- HackerRankChallenge.MakingAnagram -->
