<?xml version="1.0" encoding="UTF-8"?>
<!-- Generated by org.testng.reporters.JUnitReportReporter -->
<testsuite hostname="L5152N13" failures="0" tests="1" name="LeetCode_Challenges.P_M_LC_18_Plates_Bwt_Candles" time="265.132" errors="0" timestamp="2022-10-10T22:40:35 IST" skipped="0">
  <testcase classname="LeetCode_Challenges.P_M_LC_18_Plates_Bwt_Candles" name="example1" time="265.132"/>
  <system-out/>
</testsuite> <!-- LeetCode_Challenges.P_M_LC_18_Plates_Bwt_Candles -->
