<?xml version="1.0" encoding="UTF-8"?>
<!-- Generated by org.testng.reporters.JUnitReportReporter -->
<testsuite skipped="0" hostname="L5152N13" name="basicPractice.FibonacciSeries" tests="2" failures="0" timestamp="2022-08-23T19:21:05 IST" time="0.015" errors="0">
  <testcase name="type2" time="0.000" classname="basicPractice.FibonacciSeries"/>
  <system-out/>
  <testcase name="type1" time="0.015" classname="basicPractice.FibonacciSeries"/>
  <system-out/>
</testsuite> <!-- basicPractice.FibonacciSeries -->
