<?xml version="1.0" encoding="UTF-8"?>
<!-- Generated by org.testng.reporters.JUnitReportReporter -->
<testsuite hostname="L5152N13" failures="0" tests="1" name="LeetCode_Practice.MergeTwoSortedLists" time="0.010" errors="0" timestamp="2022-09-08T14:19:32 IST" skipped="0">
  <testcase classname="LeetCode_Practice.MergeTwoSortedLists" name="example1" time="0.010"/>
  <system-out/>
</testsuite> <!-- LeetCode_Practice.MergeTwoSortedLists -->
