<?xml version="1.0" encoding="UTF-8"?>
<!-- Generated by org.testng.reporters.JUnitReportReporter -->
<testsuite hostname="L5152N13" failures="0" tests="1" name="Stack.RemoveOuterParanthesis" time="0.006" errors="0" timestamp="2022-09-11T09:14:54 IST" skipped="0">
  <testcase classname="Stack.RemoveOuterParanthesis" name="example2" time="0.006"/>
  <system-out/>
</testsuite> <!-- Stack.RemoveOuterParanthesis -->
