<?xml version="1.0" encoding="UTF-8"?>
<!-- Generated by org.testng.reporters.JUnitReportReporter -->
<testsuite skipped="0" hostname="L5152N13" name="Sorting.Selectionsort" tests="2" failures="0" timestamp="2022-09-05T12:47:16 IST" time="0.007" errors="0">
  <testcase name="example1" time="0.007" classname="Sorting.Selectionsort"/>
  <system-out/>
  <testcase name="example2" time="0.000" classname="Sorting.Selectionsort"/>
  <system-out/>
</testsuite> <!-- Sorting.Selectionsort -->
