<?xml version="1.0" encoding="UTF-8"?>
<!-- Generated by org.testng.reporters.JUnitReportReporter -->
<testsuite hostname="L5152N13" failures="0" tests="3" name="LeetCode_Practice.Grumpy_Owner" time="1234.656" errors="0" timestamp="2022-09-16T19:51:12 IST" skipped="0">
  <testcase classname="LeetCode_Practice.Grumpy_Owner" name="example1" time="1234.655"/>
  <system-out/>
  <testcase classname="LeetCode_Practice.Grumpy_Owner" name="example3" time="0.000"/>
  <system-out/>
  <testcase classname="LeetCode_Practice.Grumpy_Owner" name="example2" time="0.001"/>
  <system-out/>
</testsuite> <!-- LeetCode_Practice.Grumpy_Owner -->
