<?xml version="1.0" encoding="UTF-8"?>
<!-- Generated by org.testng.reporters.JUnitReportReporter -->
<testsuite hostname="L5152N13" failures="0" tests="1" name="LeetCode_Practice.LongestPalindrome" time="0.000" errors="0" timestamp="2022-09-08T13:29:08 IST" skipped="0">
  <testcase classname="LeetCode_Practice.LongestPalindrome" name="example" time="0.000"/>
  <system-out/>
</testsuite> <!-- LeetCode_Practice.LongestPalindrome -->
