<?xml version="1.0" encoding="UTF-8"?>
<!-- Generated by org.testng.reporters.JUnitReportReporter -->
<testsuite skipped="0" hostname="L5152N13" name="Stack.CanonicalPath" tests="3" failures="0" timestamp="2022-09-05T05:53:27 IST" time="0.008" errors="0">
  <testcase name="example1" time="0.007" classname="Stack.CanonicalPath"/>
  <system-out/>
  <testcase name="example3" time="0.001" classname="Stack.CanonicalPath"/>
  <system-out/>
  <testcase name="example2" time="0.000" classname="Stack.CanonicalPath"/>
  <system-out/>
</testsuite> <!-- Stack.CanonicalPath -->
