<?xml version="1.0" encoding="UTF-8"?>
<!-- Generated by org.testng.reporters.JUnitReportReporter -->
<testsuite skipped="0" hostname="L5152N13" name="HackerRankChallenge.DuplicateCombineFields" tests="2" failures="0" timestamp="2022-09-04T12:28:28 IST" time="0.012" errors="0">
  <testcase name="example1" time="0.011" classname="HackerRankChallenge.DuplicateCombineFields"/>
  <system-out/>
  <testcase name="example2" time="0.001" classname="HackerRankChallenge.DuplicateCombineFields"/>
  <system-out/>
</testsuite> <!-- HackerRankChallenge.DuplicateCombineFields -->
