<?xml version="1.0" encoding="UTF-8"?>
<!-- Generated by org.testng.reporters.JUnitReportReporter -->
<testsuite hostname="L5152N13" failures="0" tests="1" name="HackerRankChallenge.Array.MinimumSwaps" time="309.925" errors="0" timestamp="2022-09-10T12:55:47 IST" skipped="0">
  <testcase classname="HackerRankChallenge.Array.MinimumSwaps" name="miniSwap" time="309.925"/>
  <system-out/>
</testsuite> <!-- HackerRankChallenge.Array.MinimumSwaps -->
