<?xml version="1.0" encoding="UTF-8"?>
<!-- Generated by org.testng.reporters.JUnitReportReporter -->
<testsuite hostname="L5152N13" failures="0" tests="1" name="HackerRankChallenge.Array.ArrayListManipulation" time="1.831" errors="0" timestamp="2022-09-09T19:40:33 IST" skipped="0">
  <testcase classname="HackerRankChallenge.Array.ArrayListManipulation" name="example1" time="1.831"/>
  <system-out/>
</testsuite> <!-- HackerRankChallenge.Array.ArrayListManipulation -->
