<?xml version="1.0" encoding="UTF-8"?>
<!-- Generated by org.testng.reporters.JUnitReportReporter -->
<testsuite skipped="0" hostname="L5152N13" name="SingleLinkedList.MergeLinkedList" tests="1" failures="0" timestamp="2022-09-04T10:18:01 IST" time="100.685" errors="0">
  <testcase name="testReverse" time="100.685" classname="SingleLinkedList.MergeLinkedList"/>
  <system-out/>
</testsuite> <!-- SingleLinkedList.MergeLinkedList -->
