<?xml version="1.0" encoding="UTF-8"?>
<!-- Generated by org.testng.reporters.JUnitReportReporter -->
<testsuite skipped="0" hostname="L5152N13" name="Stack.ValidateParanthesis" tests="4" failures="0" timestamp="2022-09-04T17:10:51 IST" time="0.011" errors="0">
  <testcase name="example4" time="0.001" classname="Stack.ValidateParanthesis"/>
  <system-out/>
  <testcase name="example1" time="0.009" classname="Stack.ValidateParanthesis"/>
  <system-out/>
  <testcase name="example2" time="0.000" classname="Stack.ValidateParanthesis"/>
  <system-out/>
  <testcase name="example3" time="0.001" classname="Stack.ValidateParanthesis"/>
  <system-out/>
</testsuite> <!-- Stack.ValidateParanthesis -->
