<?xml version="1.0" encoding="UTF-8"?>
<!-- Generated by org.testng.reporters.JUnitReportReporter -->
<testsuite hostname="L5152N13" failures="0" tests="2" name="HackerRankChallenge.DuplicateCombineFields" time="0.007" errors="0" timestamp="2022-09-11T10:23:50 IST" skipped="0">
  <testcase classname="HackerRankChallenge.DuplicateCombineFields" name="example2" time="0.000"/>
  <system-out/>
  <testcase classname="HackerRankChallenge.DuplicateCombineFields" name="example1" time="0.007"/>
  <system-out/>
</testsuite> <!-- HackerRankChallenge.DuplicateCombineFields -->
