<?xml version="1.0" encoding="UTF-8"?>
<!-- Generated by org.testng.reporters.JUnitReportReporter -->
<testsuite skipped="0" hostname="L5152N13" name="Data_Structure_sorting.Insertionsort" tests="1" failures="0" timestamp="2022-09-05T07:58:25 IST" time="0.008" errors="0">
  <testcase name="example1" time="0.008" classname="Data_Structure_sorting.Insertionsort"/>
  <system-out/>
</testsuite> <!-- Data_Structure_sorting.Insertionsort -->
