<?xml version="1.0" encoding="UTF-8"?>
<!-- Generated by org.testng.reporters.JUnitReportReporter -->
<testsuite skipped="0" hostname="L5152N13" name="HackerRankChallenge.MinimumDifferentSum" tests="3" failures="0" timestamp="2022-09-04T13:07:12 IST" time="0.008" errors="0">
  <testcase name="example1" time="0.007" classname="HackerRankChallenge.MinimumDifferentSum"/>
  <system-out/>
  <testcase name="example2" time="0.001" classname="HackerRankChallenge.MinimumDifferentSum"/>
  <system-out/>
  <testcase name="example3" time="0.000" classname="HackerRankChallenge.MinimumDifferentSum"/>
  <system-out/>
</testsuite> <!-- HackerRankChallenge.MinimumDifferentSum -->
