<?xml version="1.0" encoding="UTF-8"?>
<!-- Generated by org.testng.reporters.JUnitReportReporter -->
<testsuite skipped="0" hostname="L5152N13" name="Stack.RemoveOuterParanthesis" tests="2" failures="0" timestamp="2022-09-04T22:24:00 IST" time="0.015" errors="0">
  <testcase name="example1" time="0.015" classname="Stack.RemoveOuterParanthesis"/>
  <system-out/>
  <testcase name="example2" time="0.000" classname="Stack.RemoveOuterParanthesis"/>
  <system-out/>
</testsuite> <!-- Stack.RemoveOuterParanthesis -->
