<?xml version="1.0" encoding="UTF-8"?>
<!-- Generated by org.testng.reporters.JUnitReportReporter -->
<testsuite skipped="0" hostname="L5152N13" name="leetcodechallenge.MissingNumber" tests="1" failures="0" timestamp="2022-09-06T17:58:13 IST" time="0.000" errors="0">
  <testcase name="example1" time="0.000" classname="leetcodechallenge.MissingNumber"/>
  <system-out/>
</testsuite> <!-- leetcodechallenge.MissingNumber -->
