<?xml version="1.0" encoding="UTF-8"?>
<!-- Generated by org.testng.reporters.JUnitReportReporter -->
<testsuite hostname="L5152N13" failures="0" tests="3" name="LeetCode_Practice.First_Unique_Character_in_String" time="0.008" errors="0" timestamp="2022-09-11T15:54:40 IST" skipped="0">
  <testcase classname="LeetCode_Practice.First_Unique_Character_in_String" name="example2" time="0.001"/>
  <system-out/>
  <testcase classname="LeetCode_Practice.First_Unique_Character_in_String" name="example1" time="0.006"/>
  <system-out/>
  <testcase classname="LeetCode_Practice.First_Unique_Character_in_String" name="example3" time="0.001"/>
  <system-out/>
</testsuite> <!-- LeetCode_Practice.First_Unique_Character_in_String -->
