<?xml version="1.0" encoding="UTF-8"?>
<!-- Generated by org.testng.reporters.JUnitReportReporter -->
<testsuite hostname="L5152N13" failures="0" tests="1" name="LeetCode_Practice.Word_pattern_FreshWks" time="283.967" errors="0" timestamp="2022-09-16T20:59:02 IST" skipped="0">
  <testcase classname="LeetCode_Practice.Word_pattern_FreshWks" name="example1" time="283.967"/>
  <system-out/>
</testsuite> <!-- LeetCode_Practice.Word_pattern_FreshWks -->
