<?xml version="1.0" encoding="UTF-8"?>
<!-- Generated by org.testng.reporters.JUnitReportReporter -->
<testsuite hostname="L5152N13" failures="0" tests="2" name="LeetCode_Practice.Happy_number" time="506.786" errors="0" timestamp="2022-09-11T17:57:25 IST" skipped="0">
  <testcase classname="LeetCode_Practice.Happy_number" name="example2" time="278.326"/>
  <system-out/>
  <testcase classname="LeetCode_Practice.Happy_number" name="example1" time="228.460"/>
  <system-out/>
</testsuite> <!-- LeetCode_Practice.Happy_number -->
