<?xml version="1.0" encoding="UTF-8"?>
<!-- Generated by org.testng.reporters.JUnitReportReporter -->
<testsuite skipped="0" hostname="L5152N13" name="basicPractice.HashCodeInternal" tests="1" failures="0" timestamp="2022-09-03T02:32:58 IST" time="42.832" errors="0">
  <testcase name="internals" time="42.832" classname="basicPractice.HashCodeInternal"/>
  <system-out/>
</testsuite> <!-- basicPractice.HashCodeInternal -->
