<?xml version="1.0" encoding="UTF-8"?>
<!-- Generated by org.testng.reporters.JUnitReportReporter -->
<testsuite hostname="L5152N13" failures="0" tests="1" name="leetcodechallenge.Group_Anagram" time="90.751" errors="0" timestamp="2022-09-16T17:53:13 IST" skipped="0">
  <testcase classname="leetcodechallenge.Group_Anagram" name="test" time="90.751"/>
  <system-out/>
</testsuite> <!-- leetcodechallenge.Group_Anagram -->
