<?xml version="1.0" encoding="UTF-8"?>
<!-- Generated by org.testng.reporters.JUnitReportReporter -->
<testsuite skipped="0" hostname="L5152N13" name="Stack.FindMinBracketToVaild" tests="3" failures="0" timestamp="2022-09-04T18:41:31 IST" time="0.016" errors="0">
  <testcase name="example1" time="0.015" classname="Stack.FindMinBracketToVaild"/>
  <system-out/>
  <testcase name="example3" time="0.001" classname="Stack.FindMinBracketToVaild"/>
  <system-out/>
  <testcase name="example2" time="0.000" classname="Stack.FindMinBracketToVaild"/>
  <system-out/>
</testsuite> <!-- Stack.FindMinBracketToVaild -->
