<?xml version="1.0" encoding="UTF-8"?>
<!-- Generated by org.testng.reporters.JUnitReportReporter -->
<testsuite hostname="LAPTOP-VSFMKPVL" failures="0" tests="2" name="BinarySearch.Kth_Missing_Positive_Int" time="0.021" errors="0" timestamp="2022-10-02T15:56:00 IST" skipped="0">
  <testcase classname="BinarySearch.Kth_Missing_Positive_Int" name="example2" time="0.005"/>
  <system-out/>
  <testcase classname="BinarySearch.Kth_Missing_Positive_Int" name="example1" time="0.016"/>
  <system-out/>
</testsuite> <!-- BinarySearch.Kth_Missing_Positive_Int -->
