<?xml version="1.0" encoding="UTF-8"?>
<!-- Generated by org.testng.reporters.JUnitReportReporter -->
<testsuite hostname="L5152N13" failures="0" tests="2" name="LeetCode_Practice.smallestLexicographicalOrder" time="0.000" errors="0" timestamp="2022-09-11T09:33:00 IST" skipped="0">
  <testcase classname="LeetCode_Practice.smallestLexicographicalOrder" name="example2" time="0.000"/>
  <system-out/>
  <testcase classname="LeetCode_Practice.smallestLexicographicalOrder" name="example1" time="0.000"/>
  <system-out/>
</testsuite> <!-- LeetCode_Practice.smallestLexicographicalOrder -->
