<?xml version="1.0" encoding="UTF-8"?>
<!-- Generated by org.testng.reporters.JUnitReportReporter -->
<testsuite hostname="L5152N13" failures="0" tests="1" name="LeetCode_Practice.MedianTwoSortedArr" time="0.008" errors="0" timestamp="2022-09-08T09:34:26 IST" skipped="0">
  <testcase classname="LeetCode_Practice.MedianTwoSortedArr" name="example1" time="0.008"/>
  <system-out/>
</testsuite> <!-- LeetCode_Practice.MedianTwoSortedArr -->
