<?xml version="1.0" encoding="UTF-8"?>
<!-- Generated by org.testng.reporters.JUnitReportReporter -->
<testsuite skipped="0" hostname="L5152N13" name="HackerRankChallenge.FrequencySort" tests="1" failures="0" timestamp="2022-09-04T15:22:03 IST" time="0.016" errors="0">
  <testcase name="example1" time="0.016" classname="HackerRankChallenge.FrequencySort"/>
  <system-out/>
</testsuite> <!-- HackerRankChallenge.FrequencySort -->
