<?xml version="1.0" encoding="UTF-8"?>
<!-- Generated by org.testng.reporters.JUnitReportReporter -->
<testsuite skipped="0" hostname="L5152N13" name="leetcodechallenge.smallestLexicographicalOrder" tests="2" failures="0" timestamp="2022-09-05T18:26:07 IST" time="0.009" errors="0">
  <testcase name="example1" time="0.008" classname="leetcodechallenge.smallestLexicographicalOrder"/>
  <system-out/>
  <testcase name="example2" time="0.001" classname="leetcodechallenge.smallestLexicographicalOrder"/>
  <system-out/>
</testsuite> <!-- leetcodechallenge.smallestLexicographicalOrder -->
