<?xml version="1.0" encoding="UTF-8"?>
<!-- Generated by org.testng.reporters.JUnitReportReporter -->
<testsuite skipped="0" hostname="L5152N13" name="Recursion.StringReverse" tests="1" failures="0" timestamp="2022-09-07T06:52:43 IST" time="0.008" errors="0">
  <testcase name="example1" time="0.008" classname="Recursion.StringReverse"/>
  <system-out/>
</testsuite> <!-- Recursion.StringReverse -->
