<?xml version="1.0" encoding="UTF-8"?>
<!-- Generated by org.testng.reporters.JUnitReportReporter -->
<testsuite hostname="L5152N13" failures="0" tests="1" name="HackerRankChallenge.Array.subArray" time="0.007" errors="0" timestamp="2022-09-09T18:08:36 IST" skipped="0">
  <testcase classname="HackerRankChallenge.Array.subArray" name="subArray" time="0.007"/>
  <system-out/>
</testsuite> <!-- HackerRankChallenge.Array.subArray -->
