<?xml version="1.0" encoding="UTF-8"?>
<!-- Generated by org.testng.reporters.JUnitReportReporter -->
<testsuite skipped="0" hostname="L5152N13" name="Stack.RemoveAdjacentDuplicate" tests="4" failures="0" timestamp="2022-09-04T18:01:03 IST" time="0.017" errors="0">
  <testcase name="example4" time="0.001" classname="Stack.RemoveAdjacentDuplicate"/>
  <system-out/>
  <testcase name="example1" time="0.014" classname="Stack.RemoveAdjacentDuplicate"/>
  <system-out/>
  <testcase name="example2" time="0.001" classname="Stack.RemoveAdjacentDuplicate"/>
  <system-out/>
  <testcase name="example3" time="0.001" classname="Stack.RemoveAdjacentDuplicate"/>
  <system-out/>
</testsuite> <!-- Stack.RemoveAdjacentDuplicate -->
