<?xml version="1.0" encoding="UTF-8"?>
<!-- Generated by org.testng.reporters.JUnitReportReporter -->
<testsuite skipped="0" hostname="L5152N13" name="Queue.QueueConcept" tests="1" failures="0" timestamp="2022-09-05T14:51:09 IST" time="0.007" errors="0">
  <testcase name="queueConcept" time="0.007" classname="Queue.QueueConcept"/>
  <system-out/>
</testsuite> <!-- Queue.QueueConcept -->
